<?xml version="1.0" encoding="UTF-8"?>
<testsuites name="Mocha Tests" time="29.954" tests="3" failures="2">
  <testsuite name="Root Suite" timestamp="2022-12-20T19:27:10" tests="0" file="cypress\test-specs\registration\registrationTests.js" time="0.000" failures="0">
  </testsuite>
  <testsuite name="Registration Tests" timestamp="2022-12-20T19:27:10" tests="3" time="29.931" failures="2">
    <testcase name="Registration Tests register with mandatory fileds " time="0.000" classname="register with mandatory fileds ">
      <failure message="Timed out retrying after 6000ms: Expected to find element: `.page-body div[class=&apos;result&apos;]`, but never found it." type="AssertionError"><![CDATA[AssertionError: Timed out retrying after 6000ms: Expected to find element: `.page-body div[class='result']`, but never found it.
    at Context.eval (webpack:///./cypress/test-specs/registration/registrationTests.js:20:55)]]></failure>
    </testcase>
    <testcase name="Registration Tests register with existing email" time="5.930" classname="register with existing email">
    </testcase>
    <testcase name="Registration Tests register with all the data" time="0.000" classname="register with all the data">
      <failure message="Timed out retrying after 6000ms: Expected to find element: `.page-body div[class=&apos;result&apos;]`, but never found it." type="AssertionError"><![CDATA[AssertionError: Timed out retrying after 6000ms: Expected to find element: `.page-body div[class='result']`, but never found it.
    at Context.eval (webpack:///./cypress/test-specs/registration/registrationTests.js:32:55)]]></failure>
    </testcase>
  </testsuite>
</testsuites>